2024-09-09 09:20:10,842 - scripts.scrape_lyrics - INFO - Generated URL: https://www.azlyrics.com/lyrics/alltimelow/theotherside.html
2024-09-09 09:20:11,541 - scripts.scrape_lyrics - INFO - Successfully opened URL: https://www.azlyrics.com/lyrics/alltimelow/theotherside.html
2024-09-09 09:20:11,554 - scripts.scrape_lyrics - ERROR - Error parsing div at index 0: 'NavigableString' object has no attribute 'find_all'
2024-09-09 09:20:11,554 - scripts.scrape_lyrics - ERROR - Error parsing div at index 2: 'NavigableString' object has no attribute 'find_all'
2024-09-09 09:20:11,554 - scripts.scrape_lyrics - ERROR - Error parsing div at index 4: 'NavigableString' object has no attribute 'find_all'
2024-09-09 09:20:11,558 - scripts.scrape_lyrics - ERROR - Error parsing div at index 6: 'NavigableString' object has no attribute 'find_all'
2024-09-09 09:20:11,558 - scripts.scrape_lyrics - ERROR - Error parsing div at index 8: 'NavigableString' object has no attribute 'find_all'
2024-09-09 09:20:11,558 - scripts.scrape_lyrics - ERROR - Error parsing div at index 11: 'NavigableString' object has no attribute 'find_all'
2024-09-09 09:20:11,558 - scripts.scrape_lyrics - ERROR - Error parsing div at index 13: 'NavigableString' object has no attribute 'find_all'
2024-09-09 09:20:11,558 - scripts.scrape_lyrics - ERROR - Error parsing div at index 15: 'NavigableString' object has no attribute 'find_all'
2024-09-09 09:20:11,558 - scripts.scrape_lyrics - ERROR - Error parsing div at index 18: 'NavigableString' object has no attribute 'find_all'
2024-09-09 09:20:11,558 - scripts.scrape_lyrics - ERROR - Error parsing div at index 19: 'Comment' object has no attribute 'find_all'
2024-09-09 09:20:11,559 - scripts.scrape_lyrics - ERROR - Error parsing div at index 20: 'NavigableString' object has no attribute 'find_all'
2024-09-09 09:20:11,559 - scripts.scrape_lyrics - ERROR - Error parsing div at index 22: 'NavigableString' object has no attribute 'find_all'
2024-09-09 09:20:11,559 - scripts.scrape_lyrics - ERROR - Error parsing div at index 24: 'NavigableString' object has no attribute 'find_all'
2024-09-09 09:20:11,559 - scripts.scrape_lyrics - ERROR - Error parsing div at index 26: 'NavigableString' object has no attribute 'find_all'
2024-09-09 09:20:11,559 - scripts.scrape_lyrics - ERROR - Error parsing div at index 28: 'NavigableString' object has no attribute 'find_all'
2024-09-09 09:20:11,559 - scripts.scrape_lyrics - ERROR - Error parsing div at index 30: 'NavigableString' object has no attribute 'find_all'
2024-09-09 09:20:11,559 - scripts.scrape_lyrics - ERROR - Error parsing div at index 32: 'NavigableString' object has no attribute 'find_all'
2024-09-09 09:20:11,559 - scripts.scrape_lyrics - ERROR - Error parsing div at index 33: 'Comment' object has no attribute 'find_all'
2024-09-09 09:20:11,559 - scripts.scrape_lyrics - ERROR - Error parsing div at index 34: 'NavigableString' object has no attribute 'find_all'
2024-09-09 09:20:11,559 - scripts.scrape_lyrics - ERROR - Error parsing div at index 36: 'NavigableString' object has no attribute 'find_all'
2024-09-09 09:20:11,559 - scripts.scrape_lyrics - ERROR - Error parsing div at index 37: 'Comment' object has no attribute 'find_all'
2024-09-09 09:20:11,559 - scripts.scrape_lyrics - ERROR - Error parsing div at index 38: 'NavigableString' object has no attribute 'find_all'
2024-09-09 09:20:11,559 - scripts.scrape_lyrics - ERROR - Error parsing div at index 40: 'NavigableString' object has no attribute 'find_all'
2024-09-09 09:20:11,559 - scripts.scrape_lyrics - ERROR - Error parsing div at index 41: 'Comment' object has no attribute 'find_all'
2024-09-09 09:20:11,559 - scripts.scrape_lyrics - ERROR - Error parsing div at index 42: 'NavigableString' object has no attribute 'find_all'
2024-09-09 09:20:11,559 - scripts.scrape_lyrics - ERROR - Error parsing div at index 44: 'NavigableString' object has no attribute 'find_all'
2024-09-09 09:20:11,559 - scripts.scrape_lyrics - ERROR - Error parsing div at index 45: 'Comment' object has no attribute 'find_all'
2024-09-09 09:20:11,559 - scripts.scrape_lyrics - ERROR - Error parsing div at index 46: 'NavigableString' object has no attribute 'find_all'
2024-09-09 09:20:11,560 - scripts.scrape_lyrics - ERROR - Error parsing div at index 48: 'NavigableString' object has no attribute 'find_all'
2024-09-09 09:20:11,560 - scripts.scrape_lyrics - ERROR - Error parsing div at index 49: 'Comment' object has no attribute 'find_all'
2024-09-09 09:20:11,560 - scripts.scrape_lyrics - ERROR - Error parsing div at index 50: 'NavigableString' object has no attribute 'find_all'
2024-09-09 09:20:11,560 - scripts.scrape_lyrics - ERROR - Error parsing div at index 52: 'NavigableString' object has no attribute 'find_all'
2024-09-09 09:20:11,560 - scripts.scrape_lyrics - ERROR - Error parsing div at index 54: 'NavigableString' object has no attribute 'find_all'
2024-09-09 09:20:11,560 - scripts.scrape_lyrics - ERROR - Error parsing div at index 56: 'NavigableString' object has no attribute 'find_all'
2024-09-09 09:20:11,560 - scripts.scrape_lyrics - INFO - Lyrics successfully parsed
2024-09-09 09:20:11,572 - scripts.scrape_lyrics - INFO - Genre found: pop
2024-09-09 09:20:11,591 - scripts.scrape_lyrics - INFO - Album found: "Tell Me I'm Alive"(2023)
2024-09-09 09:20:11,604 - scripts.scrape_lyrics - INFO - Writer(s) found: Bonnie Leigh McKee, Zakk Cervini, Jack Barakat, Alex Gaskarth
2024-09-09 09:20:11,604 - scripts.scrape_lyrics - INFO - Lyrics: 

November
No trace of your perfume
No evidence of you, no
Remember
My fingers in your hair
The heat behind your stare

I'm in the kitchen, rollin' at a party
Deep in the canyon
Dance with anybody
That's when you walk in
Holding onto someone new
It kills me

But we say, "Hello"
Say, "Goodbye"
And I swear I died a thousand times
So, what's it like to reach the other side?
Of letting go and moving on
Don't know why it's taking me so long
Oh, maybe you can tell me what it's like
On the other side

On the other side

A cruel summer
That spring was gone too soon
'Fore the mess in June, oh
I'm pulled under
I thought the tides would change
But now you're just a stranger

I'm in the kitchen, rollin' at a party
Deep in the canyon
Dance with anybody
That's when you walk in
Holding onto someone new
It kills me

But we say, "Hello"
Say, "Goodbye"
And I swear I died a thousand times
So, what's it like to reach the other side?
Of letting go and moving on
Don't know why it's taking me so long
Oh, maybe you can tell me what it's like
On the other side

We say, "Hello"
Say, "Goodbye"
And I swear I died a thousand times
So, what's it like to reach the other side?
Of letting go and moving on
Don't know why it's taking me so long
Oh, maybe you can tell me what it's like
On the other side

2024-09-09 09:20:11,604 - scripts.scrape_lyrics - INFO - Genre: pop
2024-09-09 09:20:11,604 - scripts.scrape_lyrics - INFO - Album: "Tell Me I'm Alive"(2023)
2024-09-09 09:20:11,604 - scripts.scrape_lyrics - INFO - Writers: Bonnie Leigh McKee, Zakk Cervini, Jack Barakat, Alex Gaskarth
