2024-09-05 14:08:45,965 - scripts.scrape_discography - INFO - Generated URL: https://www.azlyrics.com/a/alltimelow.html
2024-09-05 14:08:46,684 - scripts.scrape_discography - INFO - Successfully opened URL: https://www.azlyrics.com/a/alltimelow.html
2024-09-05 14:08:46,709 - scripts.scrape_discography - INFO - Found song: Hit The Lights (Tribute To A Night, I'll Never Forget) under album "The Three Words To Remember In Dealing With The End"(2004)
2024-09-05 14:08:46,709 - scripts.scrape_discography - INFO - Found song: The Next Best Thing under album "The Three Words To Remember In Dealing With The End"(2004)
2024-09-05 14:08:46,710 - scripts.scrape_discography - INFO - Found song: Last Flight Home under album "The Three Words To Remember In Dealing With The End"(2004)
2024-09-05 14:08:46,710 - scripts.scrape_discography - INFO - Found song: Memories That Fade Like Photographs under album "The Three Words To Remember In Dealing With The End"(2004)
2024-09-05 14:08:46,710 - scripts.scrape_discography - INFO - Found song: The Party Scene under album "The Party Scene"(2005)
2024-09-05 14:08:46,710 - scripts.scrape_discography - INFO - Found song: Lullabies under album "The Party Scene"(2005)
2024-09-05 14:08:46,710 - scripts.scrape_discography - INFO - Found song: Hometown Heroes; National Nobodies under album "The Party Scene"(2005)
2024-09-05 14:08:46,710 - scripts.scrape_discography - INFO - Found song: Circles under album "The Party Scene"(2005)
2024-09-05 14:08:46,710 - scripts.scrape_discography - WARNING - Song link missing for a song in "The Party Scene"(2005)
2024-09-05 14:08:46,712 - scripts.scrape_discography - INFO - Found song: We Say Summer under album "The Party Scene"(2005)
2024-09-05 14:08:46,712 - scripts.scrape_discography - INFO - Found song: Break Out! Break Out! under album "The Party Scene"(2005)
2024-09-05 14:08:46,712 - scripts.scrape_discography - INFO - Found song: Running From Lions under album "The Party Scene"(2005)
2024-09-05 14:08:46,712 - scripts.scrape_discography - INFO - Found song: Noel under album "The Party Scene"(2005)
2024-09-05 14:08:46,712 - scripts.scrape_discography - INFO - Found song: I Can't Do The One-Two Step under album "The Party Scene"(2005)
2024-09-05 14:08:46,712 - scripts.scrape_discography - INFO - Found song: The Girl's A Straight-Up Hustler under album "The Party Scene"(2005)
2024-09-05 14:08:46,712 - scripts.scrape_discography - INFO - Found song: Sticks, Stones, And Techno under album "The Party Scene"(2005)
2024-09-05 14:08:46,712 - scripts.scrape_discography - INFO - Found song: Coffee Shop Soundtrack under album "Put Up Or Shut Up"(2006)
2024-09-05 14:08:46,712 - scripts.scrape_discography - INFO - Found song: Break Out! Break Out! under album "Put Up Or Shut Up"(2006)
2024-09-05 14:08:46,712 - scripts.scrape_discography - INFO - Found song: The Girl's A Straight-Up Hustler under album "Put Up Or Shut Up"(2006)
2024-09-05 14:08:46,712 - scripts.scrape_discography - INFO - Found song: Jasey Rae under album "Put Up Or Shut Up"(2006)
2024-09-05 14:08:46,713 - scripts.scrape_discography - INFO - Found song: The Party Scene under album "Put Up Or Shut Up"(2006)
2024-09-05 14:08:46,713 - scripts.scrape_discography - INFO - Found song: Running From Lions under album "Put Up Or Shut Up"(2006)
2024-09-05 14:08:46,713 - scripts.scrape_discography - INFO - Found song: Lullabies under album "Put Up Or Shut Up"(2006)
2024-09-05 14:08:46,713 - scripts.scrape_discography - INFO - Found song: This Is How We Do under album "So Wrong, It's Right"(2007)
2024-09-05 14:08:46,713 - scripts.scrape_discography - INFO - Found song: Let It Roll under album "So Wrong, It's Right"(2007)
2024-09-05 14:08:46,713 - scripts.scrape_discography - INFO - Found song: Six Feet Under The Stars under album "So Wrong, It's Right"(2007)
2024-09-05 14:08:46,713 - scripts.scrape_discography - INFO - Found song: Holly (Would You Turn Me On?) under album "So Wrong, It's Right"(2007)
2024-09-05 14:08:46,713 - scripts.scrape_discography - INFO - Found song: The Beach under album "So Wrong, It's Right"(2007)
2024-09-05 14:08:46,713 - scripts.scrape_discography - INFO - Found song: Dear Maria, Count Me In under album "So Wrong, It's Right"(2007)
2024-09-05 14:08:46,713 - scripts.scrape_discography - INFO - Found song: Shameless under album "So Wrong, It's Right"(2007)
2024-09-05 14:08:46,713 - scripts.scrape_discography - INFO - Found song: Remembering Sunday under album "So Wrong, It's Right"(2007)
2024-09-05 14:08:46,713 - scripts.scrape_discography - INFO - Found song: Vegas under album "So Wrong, It's Right"(2007)
2024-09-05 14:08:46,714 - scripts.scrape_discography - INFO - Found song: Stay Awake (Dreams Only Last For A Night) under album "So Wrong, It's Right"(2007)
2024-09-05 14:08:46,714 - scripts.scrape_discography - INFO - Found song: Come One, Come All under album "So Wrong, It's Right"(2007)
2024-09-05 14:08:46,714 - scripts.scrape_discography - INFO - Found song: Poppin' Champagne under album "So Wrong, It's Right"(2007)
2024-09-05 14:08:46,714 - scripts.scrape_discography - INFO - Found song: Weightless under album "Nothing Personal"(2009)
2024-09-05 14:08:46,714 - scripts.scrape_discography - INFO - Found song: Break Your Little Heart under album "Nothing Personal"(2009)
2024-09-05 14:08:46,714 - scripts.scrape_discography - INFO - Found song: Damned If I Do Ya (Damned If I Don't) under album "Nothing Personal"(2009)
2024-09-05 14:08:46,714 - scripts.scrape_discography - INFO - Found song: Lost In Stereo under album "Nothing Personal"(2009)
2024-09-05 14:08:46,714 - scripts.scrape_discography - INFO - Found song: Stella under album "Nothing Personal"(2009)
2024-09-05 14:08:46,714 - scripts.scrape_discography - INFO - Found song: Sick Little Games under album "Nothing Personal"(2009)
2024-09-05 14:08:46,714 - scripts.scrape_discography - INFO - Found song: Hello Brooklyn under album "Nothing Personal"(2009)
2024-09-05 14:08:46,714 - scripts.scrape_discography - INFO - Found song: Walls under album "Nothing Personal"(2009)
2024-09-05 14:08:46,714 - scripts.scrape_discography - INFO - Found song: Too Much under album "Nothing Personal"(2009)
2024-09-05 14:08:46,715 - scripts.scrape_discography - INFO - Found song: Keep The Change, You Filthy Animal under album "Nothing Personal"(2009)
2024-09-05 14:08:46,715 - scripts.scrape_discography - INFO - Found song: A Party Song (The Walk Of Shame) under album "Nothing Personal"(2009)
2024-09-05 14:08:46,715 - scripts.scrape_discography - INFO - Found song: Therapy under album "Nothing Personal"(2009)
2024-09-05 14:08:46,715 - scripts.scrape_discography - INFO - Found song: Poison under album "Nothing Personal"(2009)
2024-09-05 14:08:46,715 - scripts.scrape_discography - INFO - Found song: Do You Want Me (Dead?) under album "Dirty Work"(2011)
2024-09-05 14:08:46,715 - scripts.scrape_discography - INFO - Found song: I Feel Like Dancin' under album "Dirty Work"(2011)
2024-09-05 14:08:46,715 - scripts.scrape_discography - INFO - Found song: Forget About It under album "Dirty Work"(2011)
2024-09-05 14:08:46,715 - scripts.scrape_discography - INFO - Found song: Guts under album "Dirty Work"(2011)
2024-09-05 14:08:46,715 - scripts.scrape_discography - INFO - Found song: Time Bomb under album "Dirty Work"(2011)
2024-09-05 14:08:46,715 - scripts.scrape_discography - INFO - Found song: Just The Way I'm Not under album "Dirty Work"(2011)
2024-09-05 14:08:46,715 - scripts.scrape_discography - INFO - Found song: Under A Paper Moon under album "Dirty Work"(2011)
2024-09-05 14:08:46,715 - scripts.scrape_discography - INFO - Found song: Return The Favor under album "Dirty Work"(2011)
2024-09-05 14:08:46,716 - scripts.scrape_discography - INFO - Found song: No Idea under album "Dirty Work"(2011)
2024-09-05 14:08:46,716 - scripts.scrape_discography - INFO - Found song: A Daydream Away under album "Dirty Work"(2011)
2024-09-05 14:08:46,716 - scripts.scrape_discography - INFO - Found song: That Girl under album "Dirty Work"(2011)
2024-09-05 14:08:46,716 - scripts.scrape_discography - INFO - Found song: Heroes under album "Dirty Work"(2011)
2024-09-05 14:08:46,716 - scripts.scrape_discography - INFO - Found song: Get Down On Your Knees And Tell Me You Love Me under album "Dirty Work"(2011)
2024-09-05 14:08:46,716 - scripts.scrape_discography - INFO - Found song: My Only One under album "Dirty Work"(2011)
2024-09-05 14:08:46,716 - scripts.scrape_discography - INFO - Found song: Merry Christmas, Kiss My Ass under album "Dirty Work"(2011)
2024-09-05 14:08:46,716 - scripts.scrape_discography - INFO - Found song: Bad Enough For You under album "Dirty Work"(2011)
2024-09-05 14:08:46,716 - scripts.scrape_discography - INFO - Found song: The Reckless And The Brave under album "Don't Panic"(2012)
2024-09-05 14:08:46,716 - scripts.scrape_discography - INFO - Found song: Backseat Serenade under album "Don't Panic"(2012)
2024-09-05 14:08:46,717 - scripts.scrape_discography - INFO - Found song: If These Sheets Were States under album "Don't Panic"(2012)
2024-09-05 14:08:46,717 - scripts.scrape_discography - INFO - Found song: Somewhere In Neverland under album "Don't Panic"(2012)
2024-09-05 14:08:46,717 - scripts.scrape_discography - INFO - Found song: So Long, Soldier under album "Don't Panic"(2012)
2024-09-05 14:08:46,717 - scripts.scrape_discography - INFO - Found song: The Irony Of Choking On A Lifesaver under album "Don't Panic"(2012)
2024-09-05 14:08:46,717 - scripts.scrape_discography - INFO - Found song: To Live And Let Go under album "Don't Panic"(2012)
2024-09-05 14:08:46,717 - scripts.scrape_discography - INFO - Found song: Outlines under album "Don't Panic"(2012)
2024-09-05 14:08:46,717 - scripts.scrape_discography - INFO - Found song: Thanks To You under album "Don't Panic"(2012)
2024-09-05 14:08:46,717 - scripts.scrape_discography - INFO - Found song: For Baltimore under album "Don't Panic"(2012)
2024-09-05 14:08:46,717 - scripts.scrape_discography - INFO - Found song: Paint You Wings under album "Don't Panic"(2012)
2024-09-05 14:08:46,717 - scripts.scrape_discography - INFO - Found song: So Long, And Thanks For All The Booze under album "Don't Panic"(2012)
2024-09-05 14:08:46,717 - scripts.scrape_discography - INFO - Found song: A Love Like War under album "Don't Panic"(2012)
2024-09-05 14:08:46,717 - scripts.scrape_discography - INFO - Found song: Me Without You (All I Ever Wanted) under album "Don't Panic"(2012)
2024-09-05 14:08:46,717 - scripts.scrape_discography - INFO - Found song: Canals under album "Don't Panic"(2012)
2024-09-05 14:08:46,718 - scripts.scrape_discography - INFO - Found song: Oh Calamity! under album "Don't Panic"(2012)
2024-09-05 14:08:46,718 - scripts.scrape_discography - INFO - Found song: Satellite under album "Future Hearts"(2015)
2024-09-05 14:08:46,718 - scripts.scrape_discography - INFO - Found song: Kicking & Screaming under album "Future Hearts"(2015)
2024-09-05 14:08:46,718 - scripts.scrape_discography - INFO - Found song: Something's Gotta Give under album "Future Hearts"(2015)
2024-09-05 14:08:46,718 - scripts.scrape_discography - INFO - Found song: Kids In The Dark under album "Future Hearts"(2015)
2024-09-05 14:08:46,718 - scripts.scrape_discography - INFO - Found song: Runaways under album "Future Hearts"(2015)
2024-09-05 14:08:46,718 - scripts.scrape_discography - INFO - Found song: Missing You under album "Future Hearts"(2015)
2024-09-05 14:08:46,718 - scripts.scrape_discography - INFO - Found song: Cinderblock Garden under album "Future Hearts"(2015)
2024-09-05 14:08:46,718 - scripts.scrape_discography - INFO - Found song: Tidal Waves under album "Future Hearts"(2015)
2024-09-05 14:08:46,718 - scripts.scrape_discography - INFO - Found song: Don't You Go under album "Future Hearts"(2015)
2024-09-05 14:08:46,718 - scripts.scrape_discography - INFO - Found song: Bail Me Out under album "Future Hearts"(2015)
2024-09-05 14:08:46,718 - scripts.scrape_discography - INFO - Found song: Dancing With A Wolf under album "Future Hearts"(2015)
2024-09-05 14:08:46,718 - scripts.scrape_discography - INFO - Found song: The Edge Of Tonight under album "Future Hearts"(2015)
2024-09-05 14:08:46,718 - scripts.scrape_discography - INFO - Found song: Old Scars / Future Hearts under album "Future Hearts"(2015)
2024-09-05 14:08:46,718 - scripts.scrape_discography - INFO - Found song: Bottle And A Beat under album "Future Hearts"(2015)
2024-09-05 14:08:46,718 - scripts.scrape_discography - INFO - Found song: Your Bed under album "Future Hearts"(2015)
2024-09-05 14:08:46,718 - scripts.scrape_discography - INFO - Found song: Cinderblock Garden (Acoustic Version) under album "Future Hearts"(2015)
2024-09-05 14:08:46,718 - scripts.scrape_discography - INFO - Found song: How The Story Ends under album "Future Hearts"(2015)
2024-09-05 14:08:46,718 - scripts.scrape_discography - INFO - Found song: Something's Gotta Give (Acoustic Version) under album "Future Hearts"(2015)
2024-09-05 14:08:46,719 - scripts.scrape_discography - INFO - Found song: Last Young Renegade under album "Last Young Renegade"(2017)
2024-09-05 14:08:46,719 - scripts.scrape_discography - INFO - Found song: Drugs & Candy under album "Last Young Renegade"(2017)
2024-09-05 14:08:46,719 - scripts.scrape_discography - INFO - Found song: Dirty Laundry under album "Last Young Renegade"(2017)
2024-09-05 14:08:46,719 - scripts.scrape_discography - INFO - Found song: Good Times under album "Last Young Renegade"(2017)
2024-09-05 14:08:46,719 - scripts.scrape_discography - INFO - Found song: Nice2KnoU under album "Last Young Renegade"(2017)
2024-09-05 14:08:46,719 - scripts.scrape_discography - INFO - Found song: Life Of The Party under album "Last Young Renegade"(2017)
2024-09-05 14:08:46,719 - scripts.scrape_discography - INFO - Found song: Nightmares under album "Last Young Renegade"(2017)
2024-09-05 14:08:46,719 - scripts.scrape_discography - INFO - Found song: Dark Side Of Your Room under album "Last Young Renegade"(2017)
2024-09-05 14:08:46,719 - scripts.scrape_discography - INFO - Found song: Ground Control under album "Last Young Renegade"(2017)
2024-09-05 14:08:46,719 - scripts.scrape_discography - INFO - Found song: Afterglow under album "Last Young Renegade"(2017)
2024-09-05 14:08:46,719 - scripts.scrape_discography - INFO - Found song: Chemistry under album "Last Young Renegade"(2017)
2024-09-05 14:08:46,719 - scripts.scrape_discography - INFO - Found song: Vampire Shift under album "Last Young Renegade"(2017)
2024-09-05 14:08:46,719 - scripts.scrape_discography - INFO - Found song: Some Kind Of Disaster under album "Wake Up, Sunshine"(2020)
2024-09-05 14:08:46,720 - scripts.scrape_discography - INFO - Found song: Sleeping In under album "Wake Up, Sunshine"(2020)
2024-09-05 14:08:46,720 - scripts.scrape_discography - INFO - Found song: Getaway Green under album "Wake Up, Sunshine"(2020)
2024-09-05 14:08:46,720 - scripts.scrape_discography - INFO - Found song: Melancholy Kaleidoscope under album "Wake Up, Sunshine"(2020)
2024-09-05 14:08:46,720 - scripts.scrape_discography - INFO - Found song: Trouble Is under album "Wake Up, Sunshine"(2020)
2024-09-05 14:08:46,720 - scripts.scrape_discography - INFO - Found song: Wake Up, Sunshine under album "Wake Up, Sunshine"(2020)
2024-09-05 14:08:46,720 - scripts.scrape_discography - INFO - Found song: Monsters under album "Wake Up, Sunshine"(2020)
2024-09-05 14:08:46,720 - scripts.scrape_discography - INFO - Found song: Pretty Venom (Interlude) under album "Wake Up, Sunshine"(2020)
2024-09-05 14:08:46,720 - scripts.scrape_discography - INFO - Found song: Favorite Place under album "Wake Up, Sunshine"(2020)
2024-09-05 14:08:46,720 - scripts.scrape_discography - INFO - Found song: Safe under album "Wake Up, Sunshine"(2020)
2024-09-05 14:08:46,721 - scripts.scrape_discography - INFO - Found song: January Gloom (Seasons, Pt. 1) under album "Wake Up, Sunshine"(2020)
2024-09-05 14:08:46,721 - scripts.scrape_discography - INFO - Found song: Clumsy under album "Wake Up, Sunshine"(2020)
2024-09-05 14:08:46,721 - scripts.scrape_discography - INFO - Found song: Glitter & Crimson under album "Wake Up, Sunshine"(2020)
2024-09-05 14:08:46,721 - scripts.scrape_discography - INFO - Found song: Summer Daze (Seasons, Pt. 2) under album "Wake Up, Sunshine"(2020)
2024-09-05 14:08:46,721 - scripts.scrape_discography - INFO - Found song: Basement Noise under album "Wake Up, Sunshine"(2020)
2024-09-05 14:08:46,721 - scripts.scrape_discography - INFO - Found song: I Hate That For You under album "Wake Up, Sunshine"(2020)
2024-09-05 14:08:46,721 - scripts.scrape_discography - INFO - Found song: Tell Me I'm Alive under album "Tell Me I'm Alive"(2023)
2024-09-05 14:08:46,721 - scripts.scrape_discography - INFO - Found song: Modern Love under album "Tell Me I'm Alive"(2023)
2024-09-05 14:08:46,721 - scripts.scrape_discography - INFO - Found song: Are You There? under album "Tell Me I'm Alive"(2023)
2024-09-05 14:08:46,721 - scripts.scrape_discography - INFO - Found song: Sleepwalking under album "Tell Me I'm Alive"(2023)
2024-09-05 14:08:46,721 - scripts.scrape_discography - INFO - Found song: Calm Down under album "Tell Me I'm Alive"(2023)
2024-09-05 14:08:46,722 - scripts.scrape_discography - INFO - Found song: English Blood // American Heartache under album "Tell Me I'm Alive"(2023)
2024-09-05 14:08:46,722 - scripts.scrape_discography - INFO - Found song: The Sound Of Letting Go under album "Tell Me I'm Alive"(2023)
2024-09-05 14:08:46,722 - scripts.scrape_discography - INFO - Found song: New Religion under album "Tell Me I'm Alive"(2023)
2024-09-05 14:08:46,722 - scripts.scrape_discography - INFO - Found song: The Way You Miss Me under album "Tell Me I'm Alive"(2023)
2024-09-05 14:08:46,722 - scripts.scrape_discography - INFO - Found song: I'd Be Fine (If I Never Saw You Again) under album "Tell Me I'm Alive"(2023)
2024-09-05 14:08:46,722 - scripts.scrape_discography - INFO - Found song: Kill Ur Vibe under album "Tell Me I'm Alive"(2023)
2024-09-05 14:08:46,722 - scripts.scrape_discography - INFO - Found song: The Other Side under album "Tell Me I'm Alive"(2023)
2024-09-05 14:08:46,722 - scripts.scrape_discography - INFO - Found song: Lost Along The Way under album "Tell Me I'm Alive"(2023)
2024-09-05 14:08:46,722 - scripts.scrape_discography - INFO - Found song: Actors under album Singles
2024-09-05 14:08:46,722 - scripts.scrape_discography - INFO - Found song: Alejandro under album Singles
2024-09-05 14:08:46,722 - scripts.scrape_discography - INFO - Found song: Art Of The State under album Singles
2024-09-05 14:08:46,722 - scripts.scrape_discography - INFO - Found song: Birthday under album Singles
2024-09-05 14:08:46,723 - scripts.scrape_discography - INFO - Found song: Blinding Lights under album Singles
2024-09-05 14:08:46,723 - scripts.scrape_discography - INFO - Found song: Caroline under album Singles
2024-09-05 14:08:46,723 - scripts.scrape_discography - INFO - Found song: Elastic Heart under album Singles
2024-09-05 14:08:46,723 - scripts.scrape_discography - INFO - Found song: Everything Is Fine under album Singles
2024-09-05 14:08:46,723 - scripts.scrape_discography - INFO - Found song: Fake As Hell under album Singles
2024-09-05 14:08:46,723 - scripts.scrape_discography - INFO - Found song: Fool's Holiday under album Singles
2024-09-05 14:08:46,723 - scripts.scrape_discography - INFO - Found song: Ghost Story under album Singles
2024-09-05 14:08:46,723 - scripts.scrape_discography - INFO - Found song: Good Times (Orchestral Arrangement) under album Singles
2024-09-05 14:08:46,723 - scripts.scrape_discography - INFO - Found song: Light The Way under album Singles
2024-09-05 14:08:46,723 - scripts.scrape_discography - INFO - Found song: Living The Dream under album Singles
2024-09-05 14:08:46,723 - scripts.scrape_discography - INFO - Found song: Monsters (Remix) under album Singles
2024-09-05 14:08:46,723 - scripts.scrape_discography - INFO - Found song: My Paradise under album Singles
2024-09-05 14:08:46,723 - scripts.scrape_discography - INFO - Found song: Once In A Lifetime under album Singles
2024-09-05 14:08:46,723 - scripts.scrape_discography - INFO - Found song: Painting Flowers under album Singles
2024-09-05 14:08:46,724 - scripts.scrape_discography - INFO - Found song: PMA under album Singles
2024-09-05 14:08:46,724 - scripts.scrape_discography - INFO - Found song: Take Cover under album Singles
2024-09-05 14:08:46,724 - scripts.scrape_discography - INFO - Found song: The Worst Kind Of Lullaby under album Singles
2024-09-05 14:08:46,724 - scripts.scrape_discography - INFO - Found song: Time To Break Up under album Singles
2024-09-05 14:08:46,724 - scripts.scrape_discography - INFO - Found song: Toxic Valentine under album Singles
2024-09-05 14:08:46,724 - scripts.scrape_discography - INFO - Found song: True Colors under album Singles
2024-09-05 14:08:46,724 - scripts.scrape_discography - INFO - Found song: Umbrella under album Singles
2024-09-05 14:08:46,724 - scripts.scrape_discography - INFO - Found song: We All Fall Down under album Singles
2024-09-05 14:08:46,724 - scripts.scrape_discography - INFO - Parsed albums: ['"The Three Words To Remember In Dealing With The End"(2004)', '"The Party Scene"(2005)', '"Put Up Or Shut Up"(2006)', '"So Wrong, It\'s Right"(2007)', '"Nothing Personal"(2009)', '"Dirty Work"(2011)', '"Don\'t Panic"(2012)', '"Future Hearts"(2015)', '"Last Young Renegade"(2017)', '"Wake Up, Sunshine"(2020)', '"Tell Me I\'m Alive"(2023)', 'Singles']
2024-09-05 14:08:46,725 - scripts.scrape_discography - INFO - Successfully wrote "The Three Words To Remember In Dealing With The End"(2004) with songs: Hit The Lights (Tribute To A Night, I'll Never Forget), The Next Best Thing, Last Flight Home, Memories That Fade Like Photographs
2024-09-05 14:08:46,725 - scripts.scrape_discography - INFO - Successfully wrote "The Party Scene"(2005) with songs: The Party Scene, Lullabies, Hometown Heroes; National Nobodies, Circles, We Say Summer, Break Out! Break Out!, Running From Lions, Noel, I Can't Do The One-Two Step, The Girl's A Straight-Up Hustler, Sticks, Stones, And Techno
2024-09-05 14:08:46,725 - scripts.scrape_discography - INFO - Successfully wrote "Put Up Or Shut Up"(2006) with songs: Coffee Shop Soundtrack, Break Out! Break Out!, The Girl's A Straight-Up Hustler, Jasey Rae, The Party Scene, Running From Lions, Lullabies
2024-09-05 14:08:46,725 - scripts.scrape_discography - INFO - Successfully wrote "So Wrong, It's Right"(2007) with songs: This Is How We Do, Let It Roll, Six Feet Under The Stars, Holly (Would You Turn Me On?), The Beach, Dear Maria, Count Me In, Shameless, Remembering Sunday, Vegas, Stay Awake (Dreams Only Last For A Night), Come One, Come All, Poppin' Champagne
2024-09-05 14:08:46,725 - scripts.scrape_discography - INFO - Successfully wrote "Nothing Personal"(2009) with songs: Weightless, Break Your Little Heart, Damned If I Do Ya (Damned If I Don't), Lost In Stereo, Stella, Sick Little Games, Hello Brooklyn, Walls, Too Much, Keep The Change, You Filthy Animal, A Party Song (The Walk Of Shame), Therapy, Poison
2024-09-05 14:08:46,726 - scripts.scrape_discography - INFO - Successfully wrote "Dirty Work"(2011) with songs: Do You Want Me (Dead?), I Feel Like Dancin', Forget About It, Guts, Time Bomb, Just The Way I'm Not, Under A Paper Moon, Return The Favor, No Idea, A Daydream Away, That Girl, Heroes, Get Down On Your Knees And Tell Me You Love Me, My Only One, Merry Christmas, Kiss My Ass, Bad Enough For You
2024-09-05 14:08:46,726 - scripts.scrape_discography - INFO - Successfully wrote "Don't Panic"(2012) with songs: The Reckless And The Brave, Backseat Serenade, If These Sheets Were States, Somewhere In Neverland, So Long, Soldier, The Irony Of Choking On A Lifesaver, To Live And Let Go, Outlines, Thanks To You, For Baltimore, Paint You Wings, So Long, And Thanks For All The Booze, A Love Like War, Me Without You (All I Ever Wanted), Canals, Oh Calamity!
2024-09-05 14:08:46,726 - scripts.scrape_discography - INFO - Successfully wrote "Future Hearts"(2015) with songs: Satellite, Kicking & Screaming, Something's Gotta Give, Kids In The Dark, Runaways, Missing You, Cinderblock Garden, Tidal Waves, Don't You Go, Bail Me Out, Dancing With A Wolf, The Edge Of Tonight, Old Scars / Future Hearts, Bottle And A Beat, Your Bed, Cinderblock Garden (Acoustic Version), How The Story Ends, Something's Gotta Give (Acoustic Version)
2024-09-05 14:08:46,726 - scripts.scrape_discography - INFO - Successfully wrote "Last Young Renegade"(2017) with songs: Last Young Renegade, Drugs & Candy, Dirty Laundry, Good Times, Nice2KnoU, Life Of The Party, Nightmares, Dark Side Of Your Room, Ground Control, Afterglow, Chemistry, Vampire Shift
2024-09-05 14:08:46,726 - scripts.scrape_discography - INFO - Successfully wrote "Wake Up, Sunshine"(2020) with songs: Some Kind Of Disaster, Sleeping In, Getaway Green, Melancholy Kaleidoscope, Trouble Is, Wake Up, Sunshine, Monsters, Pretty Venom (Interlude), Favorite Place, Safe, January Gloom (Seasons, Pt. 1), Clumsy, Glitter & Crimson, Summer Daze (Seasons, Pt. 2), Basement Noise, I Hate That For You
2024-09-05 14:08:46,726 - scripts.scrape_discography - INFO - Successfully wrote "Tell Me I'm Alive"(2023) with songs: Tell Me I'm Alive, Modern Love, Are You There?, Sleepwalking, Calm Down, English Blood // American Heartache, The Sound Of Letting Go, New Religion, The Way You Miss Me, I'd Be Fine (If I Never Saw You Again), Kill Ur Vibe, The Other Side, Lost Along The Way
2024-09-05 14:08:46,726 - scripts.scrape_discography - INFO - Successfully wrote Singles with songs: Actors, Alejandro, Art Of The State, Birthday, Blinding Lights, Caroline, Elastic Heart, Everything Is Fine, Fake As Hell, Fool's Holiday, Ghost Story, Good Times (Orchestral Arrangement), Light The Way, Living The Dream, Monsters (Remix), My Paradise, Once In A Lifetime, Painting Flowers, PMA, Take Cover, The Worst Kind Of Lullaby, Time To Break Up, Toxic Valentine, True Colors, Umbrella, We All Fall Down
2024-09-05 14:08:46,726 - scripts.scrape_discography - INFO - Successfully saved discography
